2024-02-16 02:18:44,570 - instabot version: 0.117.0 (bot) - INFO - Instabot version: 0.117.0 Started
2024-02-16 02:18:44,570 - instabot version: 0.117.0 (bot) - DEBUG - Bot imported from /Library/Frameworks/Python.framework/Versions/3.11/lib/python3.11/site-packages/instabot/bot/bot.py
2024-02-16 02:18:44,574 - instabot version: 0.117.0 (api_login) - INFO - Not yet logged in starting: PRE-LOGIN FLOW!
2024-02-16 02:18:45,095 - instabot version: 0.117.0 (api) - DEBUG - POST to endpoint: accounts/get_prefill_candidates/ returned response: <Response [429]>
2024-02-16 02:18:45,098 - instabot version: 0.117.0 (api) - DEBUG - Responsecode indicates error; response content: b'{"message":"Please wait a few minutes before you try again.","status":"fail"}'
2024-02-16 02:18:45,098 - instabot version: 0.117.0 (api) - ERROR - Request returns 429 error!
2024-02-16 02:18:45,114 - instabot version: 0.117.0 (api) - WARNING - That means 'too many requests'. I'll go to sleep for 5 minutes.
2024-02-16 02:18:57,312 - instabot version: 0.117.0 (bot) - INFO - Instabot version: 0.117.0 Started
2024-02-16 02:18:57,319 - instabot version: 0.117.0 (bot) - DEBUG - Bot imported from /Library/Frameworks/Python.framework/Versions/3.11/lib/python3.11/site-packages/instabot/bot/bot.py
2024-02-16 02:18:57,321 - instabot version: 0.117.0 (api_login) - INFO - Not yet logged in starting: PRE-LOGIN FLOW!
2024-02-16 02:18:57,586 - instabot version: 0.117.0 (api) - DEBUG - POST to endpoint: accounts/get_prefill_candidates/ returned response: <Response [429]>
2024-02-16 02:18:57,586 - instabot version: 0.117.0 (api) - DEBUG - Responsecode indicates error; response content: b'{"message":"Please wait a few minutes before you try again.","status":"fail"}'
2024-02-16 02:18:57,586 - instabot version: 0.117.0 (api) - ERROR - Request returns 429 error!
2024-02-16 02:18:57,587 - instabot version: 0.117.0 (api) - WARNING - That means 'too many requests'. I'll go to sleep for 5 minutes.
2024-02-16 02:22:13,338 - instabot version: 0.117.0 (bot) - INFO - Instabot version: 0.117.0 Started
2024-02-16 02:22:13,343 - instabot version: 0.117.0 (bot) - DEBUG - Bot imported from /Library/Frameworks/Python.framework/Versions/3.11/lib/python3.11/site-packages/instabot/bot/bot.py
2024-02-16 02:22:13,345 - instabot version: 0.117.0 (api_login) - INFO - Not yet logged in starting: PRE-LOGIN FLOW!
2024-02-16 02:22:14,681 - instabot version: 0.117.0 (api) - DEBUG - POST to endpoint: accounts/get_prefill_candidates/ returned response: <Response [429]>
2024-02-16 02:22:14,681 - instabot version: 0.117.0 (api) - DEBUG - Responsecode indicates error; response content: b'{"message":"Please wait a few minutes before you try again.","status":"fail"}'
2024-02-16 02:22:14,682 - instabot version: 0.117.0 (api) - ERROR - Request returns 429 error!
2024-02-16 02:22:14,682 - instabot version: 0.117.0 (api) - WARNING - That means 'too many requests'. I'll go to sleep for 5 minutes.
